TN:
SF:app.js
FN:36,(anonymous_0)
FN:41,(anonymous_1)
FNF:2
FNH:2
FNDA:1,(anonymous_0)
FNDA:1,(anonymous_1)
DA:1,1
DA:2,1
DA:3,1
DA:4,1
DA:5,1
DA:6,1
DA:7,1
DA:8,1
DA:10,1
DA:13,1
DA:15,1
DA:18,1
DA:19,1
DA:21,1
DA:22,1
DA:26,1
DA:27,1
DA:28,1
DA:29,1
DA:30,1
DA:32,1
DA:36,1
DA:37,1
DA:41,1
DA:43,1
DA:44,1
DA:47,1
DA:48,1
DA:51,1
LF:29
LH:29
BRDA:44,0,0,0
BRDA:44,0,1,1
BRDA:47,1,0,1
BRDA:47,1,1,0
BRF:4
BRH:2
end_of_record
TN:
SF:middlewares/auth.js
FN:1,(anonymous_0)
FNF:1
FNH:1
FNDA:5,(anonymous_0)
DA:1,1
DA:2,5
DA:3,5
DA:5,5
DA:6,1
DA:11,4
DA:14,1
LF:7
LH:7
BRDA:3,0,0,4
BRDA:3,0,1,1
BRDA:5,1,0,1
BRDA:5,1,1,4
BRDA:5,2,0,5
BRDA:5,2,1,4
BRF:6
BRH:6
end_of_record
TN:
SF:routes/index.js
FN:5,(anonymous_0)
FN:10,(anonymous_1)
FNF:2
FNH:2
FNDA:1,(anonymous_0)
FNDA:1,(anonymous_1)
DA:1,1
DA:2,1
DA:5,1
DA:7,1
DA:10,1
DA:11,1
DA:12,1
DA:17,1
LF:8
LH:8
BRF:0
BRH:0
end_of_record
